<?xml version="1.0" encoding="UTF-8" standalone="no"?>
<testsuite failures="1" name="cucumber.runtime.formatter.JUnitFormatter" skipped="0" tests="4" time="19.093874">
<testcase classname="RedBus Homepage Sceanrios" name="Verify Title of Homepage" time="2.138097">
<system-out><![CDATA[Given Launch URL of homepage................................................passed
Then I verify title of homepage.............................................passed
]]></system-out>
</testcase>
<testcase classname="RedBus Homepage Sceanrios" name="Verify Header Tabs" time="1.058985">
<system-out><![CDATA[Given Launch URL of homepage................................................passed
Then I verify below mentioned header tabs:..................................passed
]]></system-out>
</testcase>
<testcase classname="RedBus Homepage Sceanrios" name="Verify Learning Center link under Support Tab on the top" time="8.794172">
<failure message="java.lang.AssertionError: expected [false] but found [true]&#13;&#10;&#9;at org.testng.Assert.fail(Assert.java:94)&#13;&#10;&#9;at org.testng.Assert.failNotEquals(Assert.java:494)&#13;&#10;&#9;at org.testng.Assert.assertFalse(Assert.java:63)&#13;&#10;&#9;at org.testng.Assert.assertFalse(Assert.java:73)&#13;&#10;&#9;at reporting.ReportingClass.infoLogFail(ReportingClass.java:55)&#13;&#10;&#9;at reporting.ReportingClass.reportFailure(ReportingClass.java:35)&#13;&#10;&#9;at StepDefination.JQueryUIHomepage.i_click_on(JQueryUIHomepage.java:101)&#13;&#10;&#9;at ✽.I click on &quot;Learning Center&quot;(src/test/resources/tests/JQueryUIHomepage.feature:24)&#13;&#10;"><![CDATA[Given Launch URL of homepage................................................passed
And I hover mouse cursor over "Support" tab.................................passed
And I click on "Learning Center"............................................failed
Then I verify the url which contains "learn"................................skipped

StackTrace:
java.lang.AssertionError: expected [false] but found [true]
	at org.testng.Assert.fail(Assert.java:94)
	at org.testng.Assert.failNotEquals(Assert.java:494)
	at org.testng.Assert.assertFalse(Assert.java:63)
	at org.testng.Assert.assertFalse(Assert.java:73)
	at reporting.ReportingClass.infoLogFail(ReportingClass.java:55)
	at reporting.ReportingClass.reportFailure(ReportingClass.java:35)
	at StepDefination.JQueryUIHomepage.i_click_on(JQueryUIHomepage.java:101)
	at ✽.I click on "Learning Center"(src/test/resources/tests/JQueryUIHomepage.feature:24)
]]></failure>
</testcase>
<testcase classname="RedBus Homepage Sceanrios" name="Verify CLA link under Contribute on the top" time="7.10262">
<system-out><![CDATA[Given Launch URL of homepage................................................passed
And I hover mouse cursor over "Contribute" tab..............................passed
And I click on "CLA"........................................................passed
Then I verify the url which contains "openjsf"..............................passed
]]></system-out>
</testcase>
</testsuite>
